Hint: used config file '/usr/lib64/nim/config/nim.cfg' [Conf]
Hint: used config file '/usr/lib64/nim/config/config.nims' [Conf]
......................................................................
CC: system/exceptions.nim
CC: std/private/digitsutils.nim
CC: system/dollars.nim
CC: system.nim
CC: subject_solution.nim
Hint:  [Link]
Hint: mm: orc; threads: on; opt: none (DEBUG BUILD, `-d:release` generates faster code)
29582 lines; 0.321s; 38.039MiB peakmem; proj: /tmp/skills_experiment/artifacts/verified_3/subject_solution.nim; out: /tmp/skills_experiment/artifacts/verified_3/subject_solution [SuccessX]
Hint: used config file '/usr/lib64/nim/config/nim.cfg' [Conf]
Hint: used config file '/usr/lib64/nim/config/config.nims' [Conf]
......................................................................
/tmp/skills_experiment/artifacts/verified_3/stress_test.nim(1, 12) Warning: imported and not used: 'assertions' [UnusedImport]
CC: system/exceptions.nim
CC: std/private/digitsutils.nim
CC: system/dollars.nim
CC: system.nim
CC: subject_solution.nim
CC: stress_test.nim
Hint:  [Link]
Hint: mm: orc; threads: on; opt: none (DEBUG BUILD, `-d:release` generates faster code)
28179 lines; 0.288s; 30.887MiB peakmem; proj: /tmp/skills_experiment/artifacts/verified_3/stress_test.nim; out: /tmp/skills_experiment/artifacts/verified_3/stress_test_binary [SuccessX]
Hint: used config file '/usr/lib64/nim/config/nim.cfg' [Conf]
Hint: used config file '/usr/lib64/nim/config/config.nims' [Conf]
......................................................................
/tmp/skills_experiment/artifacts/verified_3/stress_test.nim(1, 12) Warning: imported and not used: 'assertions' [UnusedImport]
CC: system/exceptions.nim
CC: std/private/digitsutils.nim
CC: system/dollars.nim
CC: system.nim
CC: subject_solution.nim
CC: stress_test.nim
Hint:  [Link]
Hint: mm: orc; threads: on; opt: none (DEBUG BUILD, `-d:release` generates faster code)
28179 lines; 0.267s; 30.887MiB peakmem; proj: /tmp/skills_experiment/artifacts/verified_3/stress_test.nim; out: /tmp/skills_experiment/artifacts/verified_3/stress_test_binary [SuccessX]
